[debug] [2024-07-26T11:43:46.414Z] ----------------------------------------------------------------------
[debug] [2024-07-26T11:43:46.418Z] Command:       C:\Program Files\nodejs\node.exe C:\Users\LP-238\AppData\Roaming\npm\node_modules\firebase-tools\lib\bin\firebase.js init
[debug] [2024-07-26T11:43:46.418Z] CLI Version:   13.14.1
[debug] [2024-07-26T11:43:46.419Z] Platform:      win32
[debug] [2024-07-26T11:43:46.419Z] Node Version:  v20.15.0
[debug] [2024-07-26T11:43:46.419Z] Time:          Fri Jul 26 2024 17:13:46 GMT+0530 (India Standard Time)
[debug] [2024-07-26T11:43:46.419Z] ----------------------------------------------------------------------
[debug] 
[debug] [2024-07-26T11:43:46.488Z] > command requires scopes: ["email","openid","https://www.googleapis.com/auth/cloudplatformprojects.readonly","https://www.googleapis.com/auth/firebase","https://www.googleapis.com/auth/cloud-platform"]
[debug] [2024-07-26T11:43:46.489Z] > authorizing via signed-in user (agamsrivastavavns1193@gmail.com)
[info] 
     ######## #### ########  ######## ########     ###     ######  ########
     ##        ##  ##     ## ##       ##     ##  ##   ##  ##       ##
     ######    ##  ########  ######   ########  #########  ######  ######
     ##        ##  ##    ##  ##       ##     ## ##     ##       ## ##
     ##       #### ##     ## ######## ########  ##     ##  ######  ########

You're about to initialize a Firebase project in this directory:

  C:\Users\LP-238\Desktop\cst-main\cst-main

Before we get started, keep in mind:

  * You are initializing within an existing Firebase project directory

[info] 
=== Project Setup
[info] 
[info] First, let's associate this project directory with a Firebase project.
[info] You can create multiple project aliases by running firebase use --add, 
[info] but for now we'll just set up a default project.
[info] 
[debug] [2024-07-26T11:43:50.369Z] Using project from CLI flag: colgate-social-tools
[debug] [2024-07-26T11:43:50.370Z] > refreshing access token with scopes: []
[debug] [2024-07-26T11:43:50.372Z] >>> [apiv2][query] POST https://www.googleapis.com/oauth2/v3/token [none]
[debug] [2024-07-26T11:43:50.372Z] >>> [apiv2][body] POST https://www.googleapis.com/oauth2/v3/token [omitted]
[debug] [2024-07-26T11:43:50.648Z] <<< [apiv2][status] POST https://www.googleapis.com/oauth2/v3/token 400
[debug] [2024-07-26T11:43:50.648Z] <<< [apiv2][body] POST https://www.googleapis.com/oauth2/v3/token [omitted]
[debug] [2024-07-26T11:43:50.648Z] >>> [apiv2][query] GET https://firebase.googleapis.com/v1beta1/projects/colgate-social-tools [none]
[debug] [2024-07-26T11:43:50.886Z] <<< [apiv2][status] GET https://firebase.googleapis.com/v1beta1/projects/colgate-social-tools 401
[debug] [2024-07-26T11:43:50.887Z] <<< [apiv2][body] GET https://firebase.googleapis.com/v1beta1/projects/colgate-social-tools {"error":{"code":401,"message":"Request had invalid authentication credentials. Expected OAuth 2 access token, login cookie or other valid authentication credential. See https://developers.google.com/identity/sign-in/web/devconsole-project.","status":"UNAUTHENTICATED"}}
[debug] [2024-07-26T11:43:50.888Z] HTTP Error: 401, Request had invalid authentication credentials. Expected OAuth 2 access token, login cookie or other valid authentication credential. See https://developers.google.com/identity/sign-in/web/devconsole-project.
[debug] [2024-07-26T11:43:51.098Z] FirebaseError: HTTP Error: 401, Request had invalid authentication credentials. Expected OAuth 2 access token, login cookie or other valid authentication credential. See https://developers.google.com/identity/sign-in/web/devconsole-project.
    at responseToError (C:\Users\LP-238\AppData\Roaming\npm\node_modules\firebase-tools\lib\responseToError.js:49:12)
    at RetryOperation._fn (C:\Users\LP-238\AppData\Roaming\npm\node_modules\firebase-tools\lib\apiv2.js:305:77)
    at process.processTicksAndRejections (node:internal/process/task_queues:95:5)
[error] 
[error] Error: Failed to get Firebase project colgate-social-tools. Please make sure the project exists and your account has permission to access it.
